<?xml version="1.0" encoding="UTF-8"?>
<testsuite name="Test di UserRegistrationRestController" tests="3" skipped="0" failures="0" errors="0" timestamp="2025-07-05T16:03:29" hostname="Mac.homenet.telecomitalia.it" time="0.095">
  <properties/>
  <testcase name="Dovrebbe registrare con successo un nuovo utente" classname="it.unisalento.pas2425.userserviceproject.restcontrollers.UserRegistrationRestControllerTest" time="0.086"/>
  <testcase name="Dovrebbe restituire bad request se l'email esiste già" classname="it.unisalento.pas2425.userserviceproject.restcontrollers.UserRegistrationRestControllerTest" time="0.003"/>
  <testcase name="Dovrebbe restituire bad request per input JSON malformato" classname="it.unisalento.pas2425.userserviceproject.restcontrollers.UserRegistrationRestControllerTest" time="0.004"/>
  <system-out><![CDATA[2025-07-05T18:03:29.222+02:00  INFO 92328 --- [UserServiceProject] [    Test worker] t.c.s.AnnotationConfigContextLoaderUtils : Could not detect default configuration classes for test class [it.unisalento.pas2425.userserviceproject.restcontrollers.UserRegistrationRestControllerTest]: UserRegistrationRestControllerTest does not declare any static, non-private, non-final, nested classes annotated with @Configuration.
2025-07-05T18:03:29.224+02:00  INFO 92328 --- [UserServiceProject] [    Test worker] .b.t.c.SpringBootTestContextBootstrapper : Found @SpringBootConfiguration it.unisalento.pas2425.userserviceproject.UserServiceProjectApplication for test class it.unisalento.pas2425.userserviceproject.restcontrollers.UserRegistrationRestControllerTest

  .   ____          _            __ _ _
 /\\ / ___'_ __ _ _(_)_ __  __ _ \ \ \ \
( ( )\___ | '_ | '_| | '_ \/ _` | \ \ \ \
 \\/  ___)| |_)| | | | | || (_| |  ) ) ) )
  '  |____| .__|_| |_|_| |_\__, | / / / /
 =========|_|==============|___/=/_/_/_/

 :: Spring Boot ::                (v3.3.5)

2025-07-05T18:03:29.239+02:00  INFO 92328 --- [UserServiceProject] [    Test worker] p.u.r.UserRegistrationRestControllerTest : Starting UserRegistrationRestControllerTest using Java 22.0.1 with PID 92328 (started by frabincesco in /Users/frabincesco/Desktop/PAS/Backend/userserviceproject)
2025-07-05T18:03:29.239+02:00  INFO 92328 --- [UserServiceProject] [    Test worker] p.u.r.UserRegistrationRestControllerTest : No active profile set, falling back to 1 default profile: "default"
2025-07-05T18:03:29.329+02:00  INFO 92328 --- [UserServiceProject] [    Test worker] .s.d.r.c.RepositoryConfigurationDelegate : Multiple Spring Data modules found, entering strict repository configuration mode
2025-07-05T18:03:29.330+02:00  INFO 92328 --- [UserServiceProject] [    Test worker] .s.d.r.c.RepositoryConfigurationDelegate : Bootstrapping Spring Data JPA repositories in DEFAULT mode.
2025-07-05T18:03:29.332+02:00  INFO 92328 --- [UserServiceProject] [    Test worker] .RepositoryConfigurationExtensionSupport : Spring Data JPA - Could not safely identify store assignment for repository candidate interface it.unisalento.pas2425.userserviceproject.repositories.UserRepository; If you want this repository to be a JPA repository, consider annotating your entities with one of these annotations: jakarta.persistence.Entity, jakarta.persistence.MappedSuperclass (preferred), or consider extending one of the following types with your repository: org.springframework.data.jpa.repository.JpaRepository
2025-07-05T18:03:29.332+02:00  INFO 92328 --- [UserServiceProject] [    Test worker] .s.d.r.c.RepositoryConfigurationDelegate : Finished Spring Data repository scanning in 2 ms. Found 0 JPA repository interfaces.
2025-07-05T18:03:29.336+02:00  INFO 92328 --- [UserServiceProject] [    Test worker] .s.d.r.c.RepositoryConfigurationDelegate : Multiple Spring Data modules found, entering strict repository configuration mode
2025-07-05T18:03:29.336+02:00  INFO 92328 --- [UserServiceProject] [    Test worker] .s.d.r.c.RepositoryConfigurationDelegate : Bootstrapping Spring Data MongoDB repositories in DEFAULT mode.
2025-07-05T18:03:29.339+02:00  INFO 92328 --- [UserServiceProject] [    Test worker] .s.d.r.c.RepositoryConfigurationDelegate : Finished Spring Data repository scanning in 3 ms. Found 1 MongoDB repository interface.
2025-07-05T18:03:29.414+02:00  INFO 92328 --- [UserServiceProject] [    Test worker] com.zaxxer.hikari.HikariDataSource       : HikariPool-2 - Starting...
2025-07-05T18:03:29.425+02:00  INFO 92328 --- [UserServiceProject] [    Test worker] com.zaxxer.hikari.pool.PoolBase          : HikariPool-2 - Driver does not support get/set network timeout for connections. (feature not supported)
2025-07-05T18:03:29.426+02:00  INFO 92328 --- [UserServiceProject] [    Test worker] com.zaxxer.hikari.pool.HikariPool        : HikariPool-2 - Added connection org.hsqldb.jdbc.JDBCConnection@4b9be679
2025-07-05T18:03:29.426+02:00  INFO 92328 --- [UserServiceProject] [    Test worker] com.zaxxer.hikari.HikariDataSource       : HikariPool-2 - Start completed.
2025-07-05T18:03:29.427+02:00  INFO 92328 --- [UserServiceProject] [    Test worker] o.hibernate.jpa.internal.util.LogHelper  : HHH000204: Processing PersistenceUnitInfo [name: default]
2025-07-05T18:03:29.427+02:00  INFO 92328 --- [UserServiceProject] [    Test worker] o.h.c.internal.RegionFactoryInitiator    : HHH000026: Second-level cache disabled
2025-07-05T18:03:29.430+02:00  INFO 92328 --- [UserServiceProject] [    Test worker] o.s.o.j.p.SpringPersistenceUnitInfo      : No LoadTimeWeaver setup: ignoring JPA class transformer
2025-07-05T18:03:29.436+02:00  INFO 92328 --- [UserServiceProject] [    Test worker] o.h.e.t.j.p.i.JtaPlatformInitiator       : HHH000489: No JTA platform available (set 'hibernate.transaction.jta.platform' to enable JTA platform integration)
2025-07-05T18:03:29.436+02:00  INFO 92328 --- [UserServiceProject] [    Test worker] j.LocalContainerEntityManagerFactoryBean : Initialized JPA EntityManagerFactory for persistence unit 'default'
2025-07-05T18:03:29.447+02:00  INFO 92328 --- [UserServiceProject] [    Test worker] eAuthenticationProviderManagerConfigurer : Global AuthenticationManager configured with AuthenticationProvider bean with name authProvider
2025-07-05T18:03:29.447+02:00  WARN 92328 --- [UserServiceProject] [    Test worker] r$InitializeUserDetailsManagerConfigurer : Global AuthenticationManager configured with an AuthenticationProvider bean. UserDetailsService beans will not be used for username/password login. Consider removing the AuthenticationProvider bean. Alternatively, consider using the UserDetailsService in a manually instantiated DaoAuthenticationProvider.
2025-07-05T18:03:29.454+02:00  WARN 92328 --- [UserServiceProject] [    Test worker] JpaBaseConfiguration$JpaWebConfiguration : spring.jpa.open-in-view is enabled by default. Therefore, database queries may be performed during view rendering. Explicitly configure spring.jpa.open-in-view to disable this warning
2025-07-05T18:03:29.462+02:00  INFO 92328 --- [UserServiceProject] [    Test worker] o.s.b.a.w.s.WelcomePageHandlerMapping    : Adding welcome page: class path resource [static/index.html]
2025-07-05T18:03:29.503+02:00 DEBUG 92328 --- [UserServiceProject] [    Test worker] o.s.s.web.DefaultSecurityFilterChain     : Will secure any request with filters: DisableEncodeUrlFilter, WebAsyncManagerIntegrationFilter, SecurityContextHolderFilter, HeaderWriterFilter, CorsFilter, LogoutFilter, JwtAuthenticationFilter, RequestCacheAwareFilter, SecurityContextHolderAwareRequestFilter, AnonymousAuthenticationFilter, SessionManagementFilter, ExceptionTranslationFilter, AuthorizationFilter
2025-07-05T18:03:29.556+02:00  INFO 92328 --- [UserServiceProject] [    Test worker] org.mongodb.driver.client                : MongoClient with metadata {"driver": {"name": "mongo-java-driver|sync|spring-boot", "version": "5.0.1"}, "os": {"type": "Darwin", "name": "Mac OS X", "architecture": "aarch64", "version": "15.3.1"}, "platform": "Java/Oracle Corporation/22.0.1+8-16"} created with settings MongoClientSettings{readPreference=primary, writeConcern=WriteConcern{w=null, wTimeout=null ms, journal=null}, retryWrites=true, retryReads=true, readConcern=ReadConcern{level=null}, credential=null, transportSettings=null, commandListeners=[], codecRegistry=ProvidersCodecRegistry{codecProviders=[ValueCodecProvider{}, BsonValueCodecProvider{}, DBRefCodecProvider{}, DBObjectCodecProvider{}, DocumentCodecProvider{}, CollectionCodecProvider{}, IterableCodecProvider{}, MapCodecProvider{}, GeoJsonCodecProvider{}, GridFSFileCodecProvider{}, Jsr310CodecProvider{}, JsonObjectCodecProvider{}, BsonCodecProvider{}, EnumCodecProvider{}, com.mongodb.client.model.mql.ExpressionCodecProvider@16575bfe, com.mongodb.Jep395RecordCodecProvider@60003305, com.mongodb.KotlinCodecProvider@3f1dadeb]}, loggerSettings=LoggerSettings{maxDocumentLength=1000}, clusterSettings={hosts=[my-db:27017], srvServiceName=mongodb, mode=SINGLE, requiredClusterType=UNKNOWN, requiredReplicaSetName='null', serverSelector='null', clusterListeners='[]', serverSelectionTimeout='30000 ms', localThreshold='15 ms'}, socketSettings=SocketSettings{connectTimeoutMS=10000, readTimeoutMS=0, receiveBufferSize=0, proxySettings=ProxySettings{host=null, port=null, username=null, password=null}}, heartbeatSocketSettings=SocketSettings{connectTimeoutMS=10000, readTimeoutMS=10000, receiveBufferSize=0, proxySettings=ProxySettings{host=null, port=null, username=null, password=null}}, connectionPoolSettings=ConnectionPoolSettings{maxSize=100, minSize=0, maxWaitTimeMS=120000, maxConnectionLifeTimeMS=0, maxConnectionIdleTimeMS=0, maintenanceInitialDelayMS=0, maintenanceFrequencyMS=60000, connectionPoolListeners=[], maxConnecting=2}, serverSettings=ServerSettings{heartbeatFrequencyMS=10000, minHeartbeatFrequencyMS=500, serverListeners='[]', serverMonitorListeners='[]'}, sslSettings=SslSettings{enabled=false, invalidHostNameAllowed=false, context=null}, applicationName='null', compressorList=[], uuidRepresentation=JAVA_LEGACY, serverApi=null, autoEncryptionSettings=null, dnsClient=null, inetAddressResolver=null, contextProvider=null}
2025-07-05T18:03:29.557+02:00  INFO 92328 --- [UserServiceProject] [l'}-my-db:27017] org.mongodb.driver.cluster               : Monitor thread successfully connected to server with description ServerDescription{address=my-db:27017, type=STANDALONE, state=CONNECTED, ok=true, minWireVersion=0, maxWireVersion=25, maxDocumentSize=16777216, logicalSessionTimeoutMinutes=30, roundTripTimeNanos=1048500}
2025-07-05T18:03:29.593+02:00 DEBUG 92328 --- [UserServiceProject] [    Test worker] i.u.p.u.s.JwtAuthenticationFilter        : Filter 'jwtAuthenticationFilter' configured for use
2025-07-05T18:03:29.594+02:00  INFO 92328 --- [UserServiceProject] [    Test worker] o.s.b.t.m.w.SpringBootMockServletContext : Initializing Spring TestDispatcherServlet ''
2025-07-05T18:03:29.594+02:00  INFO 92328 --- [UserServiceProject] [    Test worker] o.s.t.web.servlet.TestDispatcherServlet  : Initializing Servlet ''
2025-07-05T18:03:29.594+02:00  INFO 92328 --- [UserServiceProject] [    Test worker] o.s.t.web.servlet.TestDispatcherServlet  : Completed initialization in 0 ms
2025-07-05T18:03:29.599+02:00  INFO 92328 --- [UserServiceProject] [    Test worker] p.u.r.UserRegistrationRestControllerTest : Started UserRegistrationRestControllerTest in 0.373 seconds (process running for 3.359)
2025-07-05T18:03:29.603+02:00 DEBUG 92328 --- [UserServiceProject] [    Test worker] o.s.security.web.FilterChainProxy        : Securing POST /api/registration/
2025-07-05T18:03:29.603+02:00 DEBUG 92328 --- [UserServiceProject] [    Test worker] o.s.s.w.a.AnonymousAuthenticationFilter  : Set SecurityContextHolder to anonymous SecurityContext
2025-07-05T18:03:29.603+02:00 DEBUG 92328 --- [UserServiceProject] [    Test worker] o.s.security.web.FilterChainProxy        : Secured POST /api/registration/
dentro la chiamata
2025-07-05T18:03:29.688+02:00 DEBUG 92328 --- [UserServiceProject] [    Test worker] o.s.security.web.FilterChainProxy        : Securing POST /api/registration/
2025-07-05T18:03:29.689+02:00 DEBUG 92328 --- [UserServiceProject] [    Test worker] o.s.s.w.a.AnonymousAuthenticationFilter  : Set SecurityContextHolder to anonymous SecurityContext
2025-07-05T18:03:29.689+02:00 DEBUG 92328 --- [UserServiceProject] [    Test worker] o.s.security.web.FilterChainProxy        : Secured POST /api/registration/
2025-07-05T18:03:29.693+02:00 DEBUG 92328 --- [UserServiceProject] [    Test worker] o.s.security.web.FilterChainProxy        : Securing POST /api/registration/
2025-07-05T18:03:29.693+02:00 DEBUG 92328 --- [UserServiceProject] [    Test worker] o.s.s.w.a.AnonymousAuthenticationFilter  : Set SecurityContextHolder to anonymous SecurityContext
2025-07-05T18:03:29.693+02:00 DEBUG 92328 --- [UserServiceProject] [    Test worker] o.s.security.web.FilterChainProxy        : Secured POST /api/registration/
2025-07-05T18:03:29.694+02:00  WARN 92328 --- [UserServiceProject] [    Test worker] .w.s.m.s.DefaultHandlerExceptionResolver : Resolved [org.springframework.http.converter.HttpMessageNotReadableException: JSON parse error: Unexpected end-of-input: expected close marker for Object (start marker at [Source: REDACTED (`StreamReadFeature.INCLUDE_SOURCE_IN_LOCATION` disabled); line: 1, column: 1])]
]]></system-out>
  <system-err><![CDATA[]]></system-err>
</testsuite>
